0 info it worked if it ends with ok
1 verbose cli [ 'node', '/usr/local/bin/npm', 'publish' ]
2 info using npm@2.5.0
3 info using node@v0.10.31
4 verbose node symlink /usr/local/bin/node
5 verbose publish [ '.' ]
6 silly cache add args [ '.', null ]
7 verbose cache add spec .
8 silly cache add parsed spec { raw: '.',
8 silly cache add   scope: null,
8 silly cache add   name: null,
8 silly cache add   rawSpec: '.',
8 silly cache add   spec: '/Users/David/msa-tree',
8 silly cache add   type: 'directory' }
9 verbose addLocalDirectory /Users/David/.npm/msa-tnt/0.1.13/package.tgz not in flight; packing
10 verbose tar pack [ '/Users/David/.npm/msa-tnt/0.1.13/package.tgz',
10 verbose tar pack   '/Users/David/msa-tree' ]
11 verbose tarball /Users/David/.npm/msa-tnt/0.1.13/package.tgz
12 verbose folder /Users/David/msa-tree
13 info prepublish msa-tnt@0.1.13
14 verbose unsafe-perm in lifecycle true
15 verbose addLocalTarball adding from inside cache /Users/David/.npm/msa-tnt/0.1.13/package.tgz
16 silly cache afterAdd msa-tnt@0.1.13
17 verbose afterAdd /Users/David/.npm/msa-tnt/0.1.13/package/package.json not in flight; writing
18 verbose afterAdd /Users/David/.npm/msa-tnt/0.1.13/package/package.json written
19 silly publish { name: 'msa-tnt',
19 silly publish   version: '0.1.13',
19 silly publish   description: 'A collection of adapters to combine the MSA and Tree component',
19 silly publish   main: 'lib/index.js',
19 silly publish   scripts:
19 silly publish    { browser: 'mkdirp build && browserify -d -r .:msa-tnt -r biojs-io-fasta -r msa -r biojs-io-newick -o build/bundle.js',
19 silly publish      test: 'mocha',
19 silly publish      css: 'parcelify lib/index.js -c build/bundle.css',
19 silly publish      sniper: 'npm run sniper',
19 silly publish      prepublish: 'npm run browser',
19 silly publish      watch: 'mkdirp build && watchify -d -v -r .:msa-tnt -r biojs-io-fasta -r msa -r biojs-io-newick -o build/bundle.js' },
19 silly publish   repository: { type: 'git', url: 'https://github.com/daviddao/msa-tree' },
19 silly publish   author: { name: 'greenify & daviddao' },
19 silly publish   license: 'MIT',
19 silly publish   dependencies:
19 silly publish    { 'backbone-thin': '^1.0.9',
19 silly publish      'backbone-viewj': '^1.0.2',
19 silly publish      'biojs-io-clustal': '0.0.16',
19 silly publish      'biojs-io-fasta': '^0.1.7',
19 silly publish      'biojs-io-newick': '^1.0.0',
19 silly publish      d3: '^3.5.2',
19 silly publish      kew: '^0.5.0-alpha.1',
19 silly publish      msa: '^0.3.28',
19 silly publish      'tnt.tree': '0.0.12',
19 silly publish      underscore: '^1.7.0',
19 silly publish      xhr: '^1.17.0' },
19 silly publish   devDependencies:
19 silly publish    { 'biojs-sniper': '^0.1.2',
19 silly publish      browserify: '^7.0.0',
19 silly publish      chai: '^1.10.0',
19 silly publish      mkdirp: '^0.5.0',
19 silly publish      mocha: '^2.0.1',
19 silly publish      parcelify: '^0.12.3',
19 silly publish      watchify: '^2.1.1' },
19 silly publish   keywords: [ 'msa', 'tnt', 'biojs' ],
19 silly publish   sniper:
19 silly publish    { js: [ '/build/bundle.js' ],
19 silly publish      css: [ '/build/bundle.css' ],
19 silly publish      buildCSS: [ '/dist/bundle.css' ],
19 silly publish      snippets: [ 'examples' ],
19 silly publish      exposed: [ 'biojs-io-fasta', 'biojs-io-newick', 'biojs-vis-msa' ] },
19 silly publish   readme: 'msa-tnt\n=======\n\n(in dev)\n\n[Preview](http://jsbin.com/taposi/1/edit?js,output)\n',
19 silly publish   readmeFilename: 'README.md',
19 silly publish   gitHead: 'a66cde4a29e703521e90aef9dacb94e287971916',
19 silly publish   bugs: { url: 'https://github.com/daviddao/msa-tree/issues' },
19 silly publish   homepage: 'https://github.com/daviddao/msa-tree',
19 silly publish   _id: 'msa-tnt@0.1.13',
19 silly publish   _shasum: 'e60357d51475475cb93d50c957692fdb36299660',
19 silly publish   _from: '.' }
20 silly mapToRegistry name msa-tnt
21 silly mapToRegistry using default registry
22 silly mapToRegistry registry https://registry.npmjs.org/
23 silly mapToRegistry uri https://registry.npmjs.org/msa-tnt
24 verbose publish registryBase https://registry.npmjs.org/
25 silly publish uploading /Users/David/.npm/msa-tnt/0.1.13/package.tgz
26 verbose request uri https://registry.npmjs.org/msa-tnt
27 verbose request sending authorization for write operation
28 info attempt registry request try #1 at 13:04:26
29 verbose request id 62aba6ea288f5a07
30 http request PUT https://registry.npmjs.org/msa-tnt
31 http 403 https://registry.npmjs.org/msa-tnt
32 verbose headers { date: 'Sat, 21 Feb 2015 12:05:09 GMT',
32 verbose headers   server: 'CouchDB/1.5.0 (Erlang OTP/R16B03)',
32 verbose headers   'content-type': 'application/json',
32 verbose headers   'cache-control': 'max-age=60',
32 verbose headers   'content-length': '4459',
32 verbose headers   'accept-ranges': 'bytes',
32 verbose headers   via: '1.1 varnish',
32 verbose headers   'x-served-by': 'cache-fra1223-FRA',
32 verbose headers   'x-cache': 'MISS',
32 verbose headers   'x-cache-hits': '0',
32 verbose headers   'x-timer': 'S1424520266.906824,VS0,VE42265',
32 verbose headers   'keep-alive': 'timeout=10, max=50',
32 verbose headers   connection: 'Keep-Alive' }
33 verbose request invalidating /Users/David/.npm/registry.npmjs.org/msa-tnt on PUT
34 error publish Failed PUT 403
35 verbose stack Error: forbidden cannot modify pre-existing version: 0.1.13
35 verbose stack old={"name":"msa-tnt","version":"0.1.13","description":"A collection of adapters to combine the MSA and Tree component","main":"lib/index.js","scripts":{"browser":"mkdirp build && browserify -d -r .:msa-tnt -r biojs-io-fasta -r biojs-vis-msa -r biojs-io-newick -o build/bundle.js","test":"mocha","css":"parcelify lib/index.js -c build/bundle.css","sniper":"npm run sniper","prepublish":"npm run browser","watch":"mkdirp build && watchify -d -v -r .:msa-tnt -r biojs-io-fasta -r biojs-vis-msa -r biojs-io-newick -o build/bundle.js"},"repository":{"type":"git","url":"https://github.com/daviddao/msa-tree"},"author":{"name":"greenify & daviddao"},"license":"MIT","dependencies":{"backbone-thin":"^1.0.9","backbone-viewj":"^1.0.2","biojs-io-clustal":"0.0.16","biojs-io-fasta":"^0.1.7","biojs-io-newick":"^1.0.0","biojs-vis-msa":"^0.3.10","d3":"^3.5.2","kew":"^0.5.0-alpha.1","tnt.tree":"0.0.12","underscore":"^1.7.0","xhr":"^1.17.0"},"devDependencies":{"biojs-sniper":"^0.1.2","browserify":"^7.0.0","chai":"^1.10.0","mkdirp":"^0.5.0","mocha":"^2.0.1","parcelify":"^0.12.3","watchify":"^2.1.1"},"keywords":["msa","tnt","biojs"],"sniper":{"js":["/build/bundle.js"],"css":["/build/bundle.css"],"buildCSS":["/dist/bundle.css"],"snippets":["examples"],"exposed":["biojs-io-fasta","biojs-io-newick","biojs-vis-msa"]},"gitHead":"5089ead64562427fc2a13cf40e61ae6737bd5bfe","bugs":{"url":"https://github.com/daviddao/msa-tree/issues"},"homepage":"https://github.com/daviddao/msa-tree","_id":"msa-tnt@0.1.13","_shasum":"75f57944ffc7ffe42886e3633677175de4a3a2e1","_from":".","_npmVersion":"2.0.0-alpha-5","_npmUser":{"name":"ddao","email":"contact.daviddao@gmail.com"},"maintainers":[{"name":"greenify","email":"greeenify@gmail.com"},{"name":"ddao","email":"contact.daviddao@gmail.com"}],"dist":{"shasum":"75f57944ffc7ffe42886e3633677175de4a3a2e1","tarball":"http://registry.npmjs.org/msa-tnt/-/msa-tnt-0.1.13.tgz"}}
35 verbose stack new={"name":"msa-tnt","version":"0.1.13","description":"A collection of adapters to combine the MSA and Tree component","main":"lib/index.js","scripts":{"browser":"mkdirp build && browserify -d -r .:msa-tnt -r biojs-io-fasta -r msa -r biojs-io-newick -o build/bundle.js","test":"mocha","css":"parcelify lib/index.js -c build/bundle.css","sniper":"npm run sniper","prepublish":"npm run browser","watch":"mkdirp build && watchify -d -v -r .:msa-tnt -r biojs-io-fasta -r msa -r biojs-io-newick -o build/bundle.js"},"repository":{"type":"git","url":"https://github.com/daviddao/msa-tree"},"author":{"name":"greenify & daviddao"},"license":"MIT","dependencies":{"backbone-thin":"^1.0.9","backbone-viewj":"^1.0.2","biojs-io-clustal":"0.0.16","biojs-io-fasta":"^0.1.7","biojs-io-newick":"^1.0.0","d3":"^3.5.2","kew":"^0.5.0-alpha.1","msa":"^0.3.28","tnt.tree":"0.0.12","underscore":"^1.7.0","xhr":"^1.17.0"},"devDependencies":{"biojs-sniper":"^0.1.2","browserify":"^7.0.0","chai":"^1.10.0","mkdirp":"^0.5.0","mocha":"^2.0.1","parcelify":"^0.12.3","watchify":"^2.1.1"},"keywords":["msa","tnt","biojs"],"sniper":{"js":["/build/bundle.js"],"css":["/build/bundle.css"],"buildCSS":["/dist/bundle.css"],"snippets":["examples"],"exposed":["biojs-io-fasta","biojs-io-newick","biojs-vis-msa"]},"readme":"msa-tnt\u000a=======\u000a\u000a(in dev)\u000a\u000a[Preview](http://jsbin.com/taposi/1/edit?js,output)\u000a","readmeFilename":"README.md","gitHead":"a66cde4a29e703521e90aef9dacb94e287971916","bugs":{"url":"https://github.com/daviddao/msa-tree/issues"},"homepage":"https://github.com/daviddao/msa-tree","_id":"msa-tnt@0.1.13","_shasum":"e60357d51475475cb93d50c957692fdb36299660","_from":".","_npmVersion":"2.5.0","_nodeVersion":"0.10.31","_npmUser":{"name":"ddao","email":"contact.daviddao@gmail.com"},"maintainers":[{"name":"ddao","email":"contact.daviddao@gmail.com"}],"dist":{"shasum":"e60357d51475475cb93d50c957692fdb36299660","tarball":"http://registry.npmjs.org/msa-tnt/-/msa-tnt-0.1.13.tgz"}}: msa-tnt
35 verbose stack     at CachingRegistryClient.<anonymous> (/usr/local/lib/node_modules/npm/node_modules/npm-registry-client/lib/request.js:254:14)
35 verbose stack     at Request._callback (/usr/local/lib/node_modules/npm/node_modules/npm-registry-client/lib/request.js:178:14)
35 verbose stack     at Request.self.callback (/usr/local/lib/node_modules/npm/node_modules/request/request.js:373:22)
35 verbose stack     at Request.emit (events.js:98:17)
35 verbose stack     at Request.<anonymous> (/usr/local/lib/node_modules/npm/node_modules/request/request.js:1318:14)
35 verbose stack     at Request.emit (events.js:117:20)
35 verbose stack     at IncomingMessage.<anonymous> (/usr/local/lib/node_modules/npm/node_modules/request/request.js:1266:12)
35 verbose stack     at IncomingMessage.emit (events.js:117:20)
35 verbose stack     at _stream_readable.js:943:16
35 verbose stack     at process._tickCallback (node.js:419:13)
36 verbose statusCode 403
37 verbose pkgid msa-tnt
38 verbose cwd /Users/David/msa-tree
39 error Darwin 14.0.0
40 error argv "node" "/usr/local/bin/npm" "publish"
41 error node v0.10.31
42 error npm  v2.5.0
43 error code E403
44 error forbidden cannot modify pre-existing version: 0.1.13
44 error old={"name":"msa-tnt","version":"0.1.13","description":"A collection of adapters to combine the MSA and Tree component","main":"lib/index.js","scripts":{"browser":"mkdirp build && browserify -d -r .:msa-tnt -r biojs-io-fasta -r biojs-vis-msa -r biojs-io-newick -o build/bundle.js","test":"mocha","css":"parcelify lib/index.js -c build/bundle.css","sniper":"npm run sniper","prepublish":"npm run browser","watch":"mkdirp build && watchify -d -v -r .:msa-tnt -r biojs-io-fasta -r biojs-vis-msa -r biojs-io-newick -o build/bundle.js"},"repository":{"type":"git","url":"https://github.com/daviddao/msa-tree"},"author":{"name":"greenify & daviddao"},"license":"MIT","dependencies":{"backbone-thin":"^1.0.9","backbone-viewj":"^1.0.2","biojs-io-clustal":"0.0.16","biojs-io-fasta":"^0.1.7","biojs-io-newick":"^1.0.0","biojs-vis-msa":"^0.3.10","d3":"^3.5.2","kew":"^0.5.0-alpha.1","tnt.tree":"0.0.12","underscore":"^1.7.0","xhr":"^1.17.0"},"devDependencies":{"biojs-sniper":"^0.1.2","browserify":"^7.0.0","chai":"^1.10.0","mkdirp":"^0.5.0","mocha":"^2.0.1","parcelify":"^0.12.3","watchify":"^2.1.1"},"keywords":["msa","tnt","biojs"],"sniper":{"js":["/build/bundle.js"],"css":["/build/bundle.css"],"buildCSS":["/dist/bundle.css"],"snippets":["examples"],"exposed":["biojs-io-fasta","biojs-io-newick","biojs-vis-msa"]},"gitHead":"5089ead64562427fc2a13cf40e61ae6737bd5bfe","bugs":{"url":"https://github.com/daviddao/msa-tree/issues"},"homepage":"https://github.com/daviddao/msa-tree","_id":"msa-tnt@0.1.13","_shasum":"75f57944ffc7ffe42886e3633677175de4a3a2e1","_from":".","_npmVersion":"2.0.0-alpha-5","_npmUser":{"name":"ddao","email":"contact.daviddao@gmail.com"},"maintainers":[{"name":"greenify","email":"greeenify@gmail.com"},{"name":"ddao","email":"contact.daviddao@gmail.com"}],"dist":{"shasum":"75f57944ffc7ffe42886e3633677175de4a3a2e1","tarball":"http://registry.npmjs.org/msa-tnt/-/msa-tnt-0.1.13.tgz"}}
44 error new={"name":"msa-tnt","version":"0.1.13","description":"A collection of adapters to combine the MSA and Tree component","main":"lib/index.js","scripts":{"browser":"mkdirp build && browserify -d -r .:msa-tnt -r biojs-io-fasta -r msa -r biojs-io-newick -o build/bundle.js","test":"mocha","css":"parcelify lib/index.js -c build/bundle.css","sniper":"npm run sniper","prepublish":"npm run browser","watch":"mkdirp build && watchify -d -v -r .:msa-tnt -r biojs-io-fasta -r msa -r biojs-io-newick -o build/bundle.js"},"repository":{"type":"git","url":"https://github.com/daviddao/msa-tree"},"author":{"name":"greenify & daviddao"},"license":"MIT","dependencies":{"backbone-thin":"^1.0.9","backbone-viewj":"^1.0.2","biojs-io-clustal":"0.0.16","biojs-io-fasta":"^0.1.7","biojs-io-newick":"^1.0.0","d3":"^3.5.2","kew":"^0.5.0-alpha.1","msa":"^0.3.28","tnt.tree":"0.0.12","underscore":"^1.7.0","xhr":"^1.17.0"},"devDependencies":{"biojs-sniper":"^0.1.2","browserify":"^7.0.0","chai":"^1.10.0","mkdirp":"^0.5.0","mocha":"^2.0.1","parcelify":"^0.12.3","watchify":"^2.1.1"},"keywords":["msa","tnt","biojs"],"sniper":{"js":["/build/bundle.js"],"css":["/build/bundle.css"],"buildCSS":["/dist/bundle.css"],"snippets":["examples"],"exposed":["biojs-io-fasta","biojs-io-newick","biojs-vis-msa"]},"readme":"msa-tnt\u000a=======\u000a\u000a(in dev)\u000a\u000a[Preview](http://jsbin.com/taposi/1/edit?js,output)\u000a","readmeFilename":"README.md","gitHead":"a66cde4a29e703521e90aef9dacb94e287971916","bugs":{"url":"https://github.com/daviddao/msa-tree/issues"},"homepage":"https://github.com/daviddao/msa-tree","_id":"msa-tnt@0.1.13","_shasum":"e60357d51475475cb93d50c957692fdb36299660","_from":".","_npmVersion":"2.5.0","_nodeVersion":"0.10.31","_npmUser":{"name":"ddao","email":"contact.daviddao@gmail.com"},"maintainers":[{"name":"ddao","email":"contact.daviddao@gmail.com"}],"dist":{"shasum":"e60357d51475475cb93d50c957692fdb36299660","tarball":"http://registry.npmjs.org/msa-tnt/-/msa-tnt-0.1.13.tgz"}}: msa-tnt
45 error If you need help, you may report this error at:
45 error     <http://github.com/npm/npm/issues>
46 verbose exit [ 1, true ]
